<?xml version="1.0" encoding="UTF-8"?>
<robot generator="Robot 7.2.2 (Python 3.13.3 on win32)" generated="2025-04-23T15:13:02.954219" rpa="false" schemaversion="5">
<suite id="s1" name="Postsucesso" source="c:\robot-api\robot_tests\postsucesso.robot">
<test id="s1-t1" name="Cadastrando Uma Reserva" line="9">
<kw name="Create Session" owner="RequestsLibrary">
<msg time="2025-04-23T15:13:03.412522" level="INFO">Creating Session using : alias=restful, url=https://restful-booker.herokuapp.com, headers={},                     cookies={}, auth=None, timeout=None, proxies=None, verify=False,                     debug=0 </msg>
<arg>restful</arg>
<arg>${BASE_URL}</arg>
<doc>Create Session: create a HTTP session to a server</doc>
<status status="PASS" start="2025-04-23T15:13:03.411996" elapsed="0.006030"/>
</kw>
<kw name="Create Dictionary" owner="BuiltIn">
<msg time="2025-04-23T15:13:03.421939" level="INFO">${bookingdates} = {'checkin': '2018-01-01', 'checkout': '2019-01-01'}</msg>
<var>${bookingdates}</var>
<arg>checkin=2018-01-01</arg>
<arg>checkout=2019-01-01</arg>
<doc>Creates and returns a dictionary based on the given ``items``.</doc>
<status status="PASS" start="2025-04-23T15:13:03.420175" elapsed="0.002179"/>
</kw>
<kw name="Create Dictionary" owner="BuiltIn">
<msg time="2025-04-23T15:13:03.425355" level="INFO">${data} = {'firstname': 'Sávio', 'lastname': 'QA', 'totalprice': '520', 'depositpaid': 'True', 'bookingdates': {'checkin': '2018-01-01', 'checkout': '2019-01-01'}, 'additionalneeds': 'Breakfast'}</msg>
<var>${data}</var>
<arg>firstname=Sávio</arg>
<arg>lastname=QA</arg>
<arg>totalprice=520</arg>
<arg>depositpaid=True</arg>
<arg>bookingdates=${bookingdates}</arg>
<arg>additionalneeds=Breakfast</arg>
<doc>Creates and returns a dictionary based on the given ``items``.</doc>
<status status="PASS" start="2025-04-23T15:13:03.423824" elapsed="0.001942"/>
</kw>
<kw name="Log" owner="BuiltIn">
<msg time="2025-04-23T15:13:03.430371" level="INFO">{'firstname': 'Sávio', 'lastname': 'QA', 'totalprice': '520', 'depositpaid': 'True', 'bookingdates': {'checkin': '2018-01-01', 'checkout': '2019-01-01'}, 'additionalneeds': 'Breakfast'}</msg>
<arg>${data}</arg>
<doc>Logs the given message with the given level.</doc>
<status status="PASS" start="2025-04-23T15:13:03.429894" elapsed="0.000761"/>
</kw>
<kw name="Post Request" owner="RequestsLibrary">
<msg time="2025-04-23T15:13:03.433422" level="WARN">Keyword 'RequestsLibrary.Post Request' is deprecated. Please use `POST On Session` instead.</msg>
<msg time="2025-04-23T15:13:05.142525" level="INFO">POST Request : url=https://restful-booker.herokuapp.com/booking 
 path_url=/booking 
 headers={'User-Agent': 'python-requests/2.32.3', 'Accept-Encoding': 'gzip, deflate', 'Accept': '*/*', 'Connection': 'keep-alive', 'Content-Length': '190', 'Content-Type': 'application/json'} 
 body=b'{"firstname": "S\\u00e1vio", "lastname": "QA", "totalprice": "520", "depositpaid": "True", "bookingdates": {"checkin": "2018-01-01", "checkout": "2019-01-01"}, "additionalneeds": "Breakfast"}' 
 </msg>
<msg time="2025-04-23T15:13:05.143142" level="INFO">POST Response : url=https://restful-booker.herokuapp.com/booking 
 status=200, reason=OK 
 headers={'Server': 'Cowboy', 'Report-To': '{"group":"heroku-nel","max_age":3600,"endpoints":[{"url":"https://nel.heroku.com/reports?ts=1745431984&amp;sid=c46efe9b-d3d2-4a0c-8c76-bfafa16c5add&amp;s=ySf20658l1mBmUuu%2Bare4Y2TdahHTKmMn7hcIN%2BFjUA%3D"}]}', 'Reporting-Endpoints': 'heroku-nel=https://nel.heroku.com/reports?ts=1745431984&amp;sid=c46efe9b-d3d2-4a0c-8c76-bfafa16c5add&amp;s=ySf20658l1mBmUuu%2Bare4Y2TdahHTKmMn7hcIN%2BFjUA%3D', 'Nel': '{"report_to":"heroku-nel","max_age":3600,"success_fraction":0.005,"failure_fraction":0.05,"response_headers":["Via"]}', 'Connection': 'keep-alive', 'X-Powered-By': 'Express', 'Content-Type': 'application/json; charset=utf-8', 'Content-Length': '196', 'Etag': 'W/"c4-JncRziI1c0X0GQMebvaJFbD5RT0"', 'Date': 'Wed, 23 Apr 2025 18:13:04 GMT', 'Via': '1.1 vegur'} 
 body={"bookingid":737,"booking":{"firstname":"Sávio","lastname":"QA","totalprice":520,"depositpaid":true,"bookingdates":{"checkin":"2018-01-01","checkout":"2019-01-01"},"additionalneeds":"Breakfast"}} 
 </msg>
<msg time="2025-04-23T15:13:05.143449" level="INFO">C:\Users\savio\AppData\Local\Programs\Python\Python313\Lib\site-packages\urllib3\connectionpool.py:1097: InsecureRequestWarning: Unverified HTTPS request is being made to host 'restful-booker.herokuapp.com'. Adding certificate verification is strongly advised. See: https://urllib3.readthedocs.io/en/latest/advanced-usage.html#tls-warnings
  warnings.warn(</msg>
<msg time="2025-04-23T15:13:05.144243" level="INFO">${response} = &lt;Response [200]&gt;</msg>
<var>${response}</var>
<arg>restful</arg>
<arg>/booking</arg>
<arg>json=${data}</arg>
<doc>*DEPRECATED* Please use `POST On Session` instead.</doc>
<status status="PASS" start="2025-04-23T15:13:03.433036" elapsed="1.711600"/>
</kw>
<kw name="Log" owner="BuiltIn">
<msg time="2025-04-23T15:13:05.148173" level="INFO">{"bookingid":737,"booking":{"firstname":"Sávio","lastname":"QA","totalprice":520,"depositpaid":true,"bookingdates":{"checkin":"2018-01-01","checkout":"2019-01-01"},"additionalneeds":"Breakfast"}}</msg>
<arg>${response.text}</arg>
<doc>Logs the given message with the given level.</doc>
<status status="PASS" start="2025-04-23T15:13:05.146676" elapsed="0.002046"/>
</kw>
<kw name="Log" owner="BuiltIn">
<msg time="2025-04-23T15:13:05.152663" level="INFO">200</msg>
<arg>${response.status_code}</arg>
<doc>Logs the given message with the given level.</doc>
<status status="PASS" start="2025-04-23T15:13:05.151351" elapsed="0.002381"/>
</kw>
<kw name="Log" owner="BuiltIn">
<msg time="2025-04-23T15:13:05.159886" level="INFO">OK</msg>
<arg>${response.reason}</arg>
<doc>Logs the given message with the given level.</doc>
<status status="PASS" start="2025-04-23T15:13:05.158708" elapsed="0.001488"/>
</kw>
<kw name="Should Be True" owner="BuiltIn">
<arg>${response.ok}</arg>
<doc>Fails if the given condition is not true.</doc>
<status status="PASS" start="2025-04-23T15:13:05.161880" elapsed="0.000945"/>
</kw>
<kw name="Should Be Equal As Numbers" owner="BuiltIn">
<msg time="2025-04-23T15:13:05.164879" level="INFO">Argument types are:
&lt;class 'int'&gt;
&lt;class 'str'&gt;</msg>
<arg>${response.status_code}</arg>
<arg>200</arg>
<doc>Fails if objects are unequal after converting them to real numbers.</doc>
<status status="PASS" start="2025-04-23T15:13:05.164090" elapsed="0.001030"/>
</kw>
<kw name="Evaluate" owner="BuiltIn">
<msg time="2025-04-23T15:13:05.167959" level="FAIL">Evaluating expression {'bookingid': 737, 'booking': {'firstname': 'Sávio', 'lastname': 'QA', 'totalprice': 520, 'depositpaid': True, 'bookingdates': {'checkin': '2018-01-01', 'checkout': '2019-01-01'}, 'additionalneeds': 'Breakfast'}} failed: TypeError: Expression must be string, got dictionary.</msg>
<var>${booking}</var>
<arg>${response.json()}</arg>
<arg>json</arg>
<doc>Evaluates the given expression in Python and returns the result.</doc>
<status status="FAIL" start="2025-04-23T15:13:05.166972" elapsed="0.002232">Evaluating expression {'bookingid': 737, 'booking': {'firstname': 'Sávio', 'lastname': 'QA', 'totalprice': 520, 'depositpaid': True, 'bookingdates': {'checkin': '2018-01-01', 'checkout': '2019-01-01'}, 'additionalneeds': 'Breakfast'}} failed: TypeError: Expression must be string, got dictionary.</status>
</kw>
<kw name="Log Dictionary" owner="Collections">
<arg>${booking}</arg>
<doc>Logs the size and contents of the ``dictionary`` using given ``level``.</doc>
<status status="NOT RUN" start="2025-04-23T15:13:05.170569" elapsed="0.000172"/>
</kw>
<kw name="Get From Dictionary" owner="Collections">
<var>${booking_info}</var>
<arg>${booking}</arg>
<arg>booking</arg>
<doc>Returns a value from the given ``dictionary`` based on the given ``key``.</doc>
<status status="NOT RUN" start="2025-04-23T15:13:05.171575" elapsed="0.000114"/>
</kw>
<kw name="Should Be Equal As Strings" owner="BuiltIn">
<arg>${booking_info['firstname']}</arg>
<arg>Sávio</arg>
<doc>Fails if objects are unequal after converting them to strings.</doc>
<status status="NOT RUN" start="2025-04-23T15:13:05.172385" elapsed="0.000124"/>
</kw>
<kw name="Should Be Equal As Strings" owner="BuiltIn">
<arg>${booking_info['lastname']}</arg>
<arg>QA</arg>
<doc>Fails if objects are unequal after converting them to strings.</doc>
<status status="NOT RUN" start="2025-04-23T15:13:05.173498" elapsed="0.000144"/>
</kw>
<kw name="Should Be Equal As Numbers" owner="BuiltIn">
<arg>${booking_info['totalprice']}</arg>
<arg>520</arg>
<doc>Fails if objects are unequal after converting them to real numbers.</doc>
<status status="NOT RUN" start="2025-04-23T15:13:05.186410" elapsed="0.000216"/>
</kw>
<kw name="Should Be Equal As Strings" owner="BuiltIn">
<arg>${booking_info['additionalneeds']}</arg>
<arg>Breakfast</arg>
<doc>Fails if objects are unequal after converting them to strings.</doc>
<status status="NOT RUN" start="2025-04-23T15:13:05.188091" elapsed="0.000167"/>
</kw>
<kw name="Get From Dictionary" owner="Collections">
<var>${bookingdates_info}</var>
<arg>${booking_info}</arg>
<arg>bookingdates</arg>
<doc>Returns a value from the given ``dictionary`` based on the given ``key``.</doc>
<status status="NOT RUN" start="2025-04-23T15:13:05.191455" elapsed="0.000283"/>
</kw>
<kw name="Should Be Equal As Strings" owner="BuiltIn">
<arg>${bookingdates_info['checkin']}</arg>
<arg>2018-01-01</arg>
<doc>Fails if objects are unequal after converting them to strings.</doc>
<status status="NOT RUN" start="2025-04-23T15:13:05.192947" elapsed="0.000147"/>
</kw>
<kw name="Should Be Equal As Strings" owner="BuiltIn">
<arg>${bookingdates_info['checkout']}</arg>
<arg>2019-01-01</arg>
<doc>Fails if objects are unequal after converting them to strings.</doc>
<status status="NOT RUN" start="2025-04-23T15:13:05.193647" elapsed="0.000157"/>
</kw>
<status status="FAIL" start="2025-04-23T15:13:03.410746" elapsed="1.783920">Evaluating expression {'bookingid': 737, 'booking': {'firstname': 'Sávio', 'lastname': 'QA', 'totalprice': 520, 'depositpaid': True, 'bookingdates': {'checkin': '2018-01-01', 'checkout': '2019-01-01'}, 'additionalneeds': 'Breakfast'}} failed: TypeError: Expression must be string, got dictionary.</status>
</test>
<status status="FAIL" start="2025-04-23T15:13:02.959299" elapsed="2.237298"/>
</suite>
<statistics>
<total>
<stat pass="0" fail="1" skip="0">All Tests</stat>
</total>
<tag>
</tag>
<suite>
<stat name="Postsucesso" id="s1" pass="0" fail="1" skip="0">Postsucesso</stat>
</suite>
</statistics>
<errors>
<msg time="2025-04-23T15:13:03.433422" level="WARN">Keyword 'RequestsLibrary.Post Request' is deprecated. Please use `POST On Session` instead.</msg>
</errors>
</robot>
